make all --print-data-base --no-builtin-variables --no-builtin-rules --question
# GNU Make 4.3
# Built for x86_64-pc-linux-gnu
# Copyright (C) 1988-2020 Free Software Foundation, Inc.
# License GPLv3+: GNU GPL version 3 or later <http://gnu.org/licenses/gpl.html>
# This is free software: you are free to change and redistribute it.
# There is NO WARRANTY, to the extent permitted by law.

# Make data base, printed on Thu Oct 13 22:37:15 2022

# Variables

# makefile (from 'Makefile', line 18)
OBJ = $(SRC:$(SRCDIR)/%$(EXT)=$(OBJDIR)/%.o)
# environment
GDK_BACKEND = x11
# environment
LC_ALL = C
# environment
NO_AT_BRIDGE = 1
# makefile (from 'Makefile', line 17)
SRC = $(wildcard $(SRCDIR)/*$(EXT))
# makefile (from 'Makefile', line 12)
EXT = .c
# makefile (from 'Makefile', line 26)
WDELOBJ = $(SRC:$(SRCDIR)/%$(EXT)=$(OBJDIR)\\%.o)
# makefile (from 'Makefile', line 14)
OBJDIR = obj
# environment
GJS_DEBUG_OUTPUT = stderr
# environment
VSCODE_CWD = /home/germanius
# makefile (from 'Makefile', line 22)
DELOBJ = $(OBJ)
# environment
GDM_LANG = en_US.UTF-8
# default
MAKE_COMMAND := make
# automatic
@D = $(patsubst %/,%,$(dir $@))
# environment
VSCODE_HANDLES_UNCAUGHT_ERRORS = true
# default
.VARIABLES := 
# environment
PWD = /home/germanius/Documents/GitHub/anitest
# automatic
%D = $(patsubst %/,%,$(dir $%))
# environment
MAIL = /var/spool/mail/germanius
# environment
XDG_DATA_DIRS = /home/germanius/.local/share/flatpak/exports/share:/var/lib/flatpak/exports/share:/usr/local/share/:/usr/share/
# automatic
^D = $(patsubst %/,%,$(dir $^))
# automatic
%F = $(notdir $%)
# environment
VSCODE_CODE_CACHE_PATH = /home/germanius/.config/Code - OSS/CachedData/64bbfbf67ada9953918d72e1df2f4d8e537d340e
# environment
LANG = C
# environment
XAUTHORITY = /run/user/1000/.mutter-Xwaylandauth.A8EVT1
# default
.LOADED := 
# default
.INCLUDE_DIRS = /usr/include /usr/local/include /usr/include
# makefile
MAKEFLAGS = pqrR
# makefile (from 'Makefile', line 19)
DEP = $(OBJ:$(OBJDIR)/%.o=%.d)
# makefile
CURDIR := /home/germanius/Documents/GitHub/anitest
# automatic
*D = $(patsubst %/,%,$(dir $*))
# environment
MFLAGS = -pqrR
# environment
SSH_AUTH_SOCK = /run/user/1000/keyring/ssh
# default
.SHELLFLAGS := -c
# environment
WAYLAND_DISPLAY = wayland-0
# automatic
+D = $(patsubst %/,%,$(dir $+))
# environment
XDG_SESSION_DESKTOP = gnome
# makefile (from 'schemehandler.d', line 1)
MAKEFILE_LIST := Makefile OAuth.d main.d schemehandler.d
# automatic
@F = $(notdir $@)
# environment
VSCODE_PID = 28102
# environment
XDG_SESSION_TYPE = wayland
# makefile (from 'Makefile', line 11)
APPNAME = myapp
# automatic
?D = $(patsubst %/,%,$(dir $?))
# environment
SESSION_MANAGER = local/STUDYMACHINE-ARCH:@/tmp/.ICE-unix/1042,unix/STUDYMACHINE-ARCH:/tmp/.ICE-unix/1042
# automatic
*F = $(notdir $*)
# environment
CHROME_DESKTOP = code-oss.desktop
# environment
DBUS_SESSION_BUS_ADDRESS = unix:path=/run/user/1000/bus
# automatic
<D = $(patsubst %/,%,$(dir $<))
# environment
VSCODE_NLS_CONFIG = {"locale":"en-us","availableLanguages":{},"_languagePackSupport":true}
# default
MAKE_HOST := x86_64-pc-linux-gnu
# makefile
SHELL = /bin/sh
# default
MAKECMDGOALS := all
# environment
DOTNET_BUNDLE_EXTRACT_BASE_DIR = /home/germanius/.cache/dotnet_bundle_extract
# environment
GJS_DEBUG_TOPICS = JS ERROR;JS LOG
# environment
SHLVL = 0
# environment
MAKELEVEL := 0
# default
MAKE = $(MAKE_COMMAND)
# environment
PATH = /home/germanius/.nix-profile/bin:/nix/var/nix/profiles/default/bin:/usr/local/bin:/usr/bin:/usr/local/sbin:/home/germanius/.dotnet/tools:/var/lib/flatpak/exports/bin:/usr/lib/jvm/default/bin:/usr/bin/site_perl:/usr/bin/vendor_perl:/usr/bin/core_perl
# environment
NIX_SSL_CERT_FILE = /etc/ssl/certs/ca-certificates.crt
# default
MAKEFILES := 
# environment
MOTD_SHOWN = pam
# automatic
^F = $(notdir $^)
# environment
INVOCATION_ID = 26d80c8108ae4973af2fc8a8303b3f12
# environment
USERNAME = germanius
# environment
GNOME_SETUP_DISPLAY = :1
# automatic
?F = $(notdir $?)
# environment
XDG_CURRENT_DESKTOP = GNOME
# automatic
+F = $(notdir $+)
# environment
DESKTOP_SESSION = gnome
# environment
ORIGINAL_XDG_CURRENT_DESKTOP = GNOME
# 'override' directive
GNUMAKEFLAGS := 
# environment
LOGNAME = germanius
# environment
GIO_LAUNCHED_DESKTOP_FILE = /usr/share/applications/code-oss.desktop
# makefile (from 'Makefile', line 25)
EXE = .exe
# makefile
.DEFAULT_GOAL := all
# environment
SYSTEMD_EXEC_PID = 1056
# makefile (from 'Makefile', line 21)
RM = rm
# environment
DISPLAY = :0
# environment
USER = germanius
# default
MAKE_VERSION := 4.3
# environment
NIX_PROFILES = /nix/var/nix/profiles/default /home/germanius/.nix-profile
# makefile (from 'Makefile', line 8)
LDFLAGS = -lcurl
# environment
MANAGERPID = 955
# makefile (from 'Makefile', line 24)
DEL = del
# environment
GIO_LAUNCHED_DESKTOP_FILE_PID = 28062
# environment
_ = /usr/bin/make
# environment
XDG_RUNTIME_DIR = /run/user/1000
# environment
JOURNAL_STREAM = 8:22187
# environment
XDG_SESSION_CLASS = user
# environment
VSCODE_AMD_ENTRYPOINT = vs/workbench/api/node/extensionHostProcess
# environment
HOME = /home/germanius
# environment
ELECTRON_RUN_AS_NODE = 1
# environment
VSCODE_IPC_HOOK = /run/user/1000/vscode-7ff62330-1.72.0-main.sock
# makefile (from 'Makefile', line 13)
SRCDIR = src
# default
.RECIPEPREFIX := 
# automatic
<F = $(notdir $<)
# default
SUFFIXES := 
# environment
VSCODE_CLI = 1
# environment
ELECTRON_NO_ATTACH_CONSOLE = 1
# makefile (from 'Makefile', line 7)
CXXFLAGS = -std=c99 -g -Wall -pedantic -I./include -D_XOPEN_SOURCE=700
# default
.FEATURES := target-specific order-only second-expansion else-if shortest-stem undefine oneshell nocomment grouped-target extra-prereqs archives jobserver output-sync check-symlink guile load
# makefile (from 'Makefile', line 6)
CC = gcc
# environment
XDG_MENU_PREFIX = gnome-
# environment
DOTNET_ROOT = /usr/share/dotnet
# environment
GDMSESSION = gnome
# variable set hash-table stats:
# Load=105/1024=10%, Rehash=0, Collisions=11/169=7%

# Pattern-specific Variable Values

# No pattern-specific variable values.

# Directories

# src (device 66310, inode 7342481): 5 files, no impossibilities.
# . (device 66310, inode 7342425): 18 files, no impossibilities.

# 23 files, no impossibilities in 2 directories.

# Implicit Rules

%.d: src/%.c
#  recipe to execute (from 'Makefile', line 40):
	@$(CPP) $(CFLAGS) $< -MM -MT $(@:%.d=$(OBJDIR)/%.o) >$@

obj/%.o: src/%.c
#  recipe to execute (from 'Makefile', line 47):
	$(CC) $(CXXFLAGS) -o $@ -c $<

# 2 implicit rules, 0 (0.0%) terminal.
# Files

# Not a target:
src/OAuth.c:
#  Implicit rule search has been done.
#  Last modified 2022-10-13 22:36:13.642610446
#  File has been updated.
#  Successfully updated.

cleandepw:
#  Phony target (prerequisite of .PHONY).
#  Implicit rule search has not been done.
#  File does not exist.
#  File has not been updated.
#  recipe to execute (from 'Makefile', line 69):
	$(DEL) $(DEP)

OAuth.d: src/OAuth.c
#  Implicit rule search has been done.
#  Implicit/static pattern stem: 'OAuth'
#  Last modified 2022-10-13 22:37:15.872541904
#  File has been updated.
#  Successfully updated.
#  recipe to execute (from 'Makefile', line 40):
	@$(CPP) $(CFLAGS) $< -MM -MT $(@:%.d=$(OBJDIR)/%.o) >$@

obj/main.o: src/main.c
#  Implicit rule search has not been done.
#  Modification time never checked.
#  File has not been updated.

# Not a target:
src/schemehandler.c:
 
#  Implicit rule search has been done.
#  Last modified 2022-10-13 22:36:46.391574369
#  File has been updated.
#  Successfully updated.

cleandep:
#  Phony target (prerequisite of .PHONY).
#  Implicit rule search has not been done.
#  File does not exist.
#  File has not been updated.
#  recipe to execute (from 'Makefile', line 58):
	$(RM) $(DEP)

# Not a target:
Makefile:
#  Implicit rule search has been done.
#  Last modified 2022-10-13 22:37:14.104543851
#  File has been updated.
#  Successfully updated.

clean:
#  Phony target (prerequisite of .PHONY).
#  Implicit rule search has not been done.
#  File does not exist.
#  File has not been updated.
#  recipe to execute (from 'Makefile', line 53):
	$(RM) $(DELOBJ) $(DEP) $(APPNAME)

# Not a target:
src/main.c:
#  Implicit rule search has been done.
#  Last modified 2022-10-12 20:49:30.672119955
#  File has been updated.
#  Successfully updated.

obj/schemehandler.o: src/schemehandler.c
#  Implicit rule search has not been done.
#  Modification time never checked.
#  File has not been updated.

obj/OAuth.o: src/OAuth.c src/OAuth.c
#  Implicit rule search has been done.
#  Implicit/static pattern stem: 'OAuth'
#  File does not exist.
#  File has been updated.
#  Needs to be updated (-q is set).
# automatic
# @ := obj/OAuth.o
# automatic
# * := OAuth
# automatic
# < := src/OAuth.c
# automatic
# + := src/OAuth.c src/OAuth.c
# automatic
# % := 
# automatic
# ^ := src/OAuth.c
# automatic
# ? := src/OAuth.c
# automatic
# | := 
# variable set hash-table stats:
# Load=8/32=25%, Rehash=0, Collisions=2/15=13%
#  recipe to execute (from 'Makefile', line 47):
	$(CC) $(CXXFLAGS) -o $@ -c $<

schemehandler.d: src/schemehandler.c
#  Implicit rule search has been done.
#  Implicit/static pattern stem: 'schemehandler'
#  Last modified 2022-10-13 22:37:15.842541937
#  File has been updated.
#  Successfully updated.
#  recipe to execute (from 'Makefile', line 40):
	@$(CPP) $(CFLAGS) $< -MM -MT $(@:%.d=$(OBJDIR)/%.o) >$@

# Not a target:
.DEFAULT:
#  Implicit rule search has not been done.
#  Modification time never checked.
#  File has not been updated.

all: myapp
#  Command line target.
#  Implicit rule search has been done.
#  File does not exist.
#  File has been updated.
#  Needs to be updated (-q is set).
# variable set hash-table stats:
# Load=0/32=0%, Rehash=0, Collisions=0/5=0%

cleanw:
#  Phony target (prerequisite of .PHONY).
#  Implicit rule search has not been done.
#  File does not exist.
#  File has not been updated.
#  recipe to execute (from 'Makefile', line 64):
	$(DEL) $(WDELOBJ) $(DEP) $(APPNAME)$(EXE)

main.d: src/main.c
#  Implicit rule search has been done.
#  Implicit/static pattern stem: 'main'
#  Last modified 2022-10-13 22:34:09.194747541
#  File has been updated.
#  Successfully updated.
#  recipe to execute (from 'Makefile', line 40):
	@$(CPP) $(CFLAGS) $< -MM -MT $(@:%.d=$(OBJDIR)/%.o) >$@

myapp: obj/OAuth.o obj/main.o obj/schemehandler.o
#  Implicit rule search has not been done.
#  Last modified 2022-10-13 19:18:50.242019753
#  File has been updated.
#  Needs to be updated (-q is set).
# variable set hash-table stats:
# Load=0/32=0%, Rehash=0, Collisions=0/5=0%
#  recipe to execute (from 'Makefile', line 36):
	$(CC) $(CXXFLAGS) -o $@ $^ $(LDFLAGS)

.PHONY: clean cleandep cleanw cleandepw
#  Implicit rule search has not been done.
#  Modification time never checked.
#  File has not been updated.

# files hash-table stats:
# Load=19/1024=2%, Rehash=0, Collisions=0/66=0%
# VPATH Search Paths

# No 'vpath' search paths.

# No general ('VPATH' variable) search path.

# strcache buffers: 1 (0) / strings = 43 / storage = 394 B / avg = 9 B
# current buf: size = 8162 B / used = 394 B / count = 43 / avg = 9 B

# strcache performance: lookups = 92 / hit rate = 53%
# hash-table stats:
# Load=43/8192=1%, Rehash=0, Collisions=0/92=0%
# Finished Make data base on Thu Oct 13 22:37:15 2022

 
